16:17:14,987  INFO DefaultTestContextBootstrapper:259 - Loaded default TestExecutionListener class names from location [META-INF/spring.factories]: [org.springframework.test.context.web.ServletTestExecutionListener, org.springframework.test.context.support.DirtiesContextBeforeModesTestExecutionListener, org.springframework.test.context.support.DependencyInjectionTestExecutionListener, org.springframework.test.context.support.DirtiesContextTestExecutionListener, org.springframework.test.context.transaction.TransactionalTestExecutionListener, org.springframework.test.context.jdbc.SqlScriptsTestExecutionListener]
16:17:15,000  INFO DefaultTestContextBootstrapper:185 - Using TestExecutionListeners: [org.springframework.test.context.web.ServletTestExecutionListener@53d34c, org.springframework.test.context.support.DirtiesContextBeforeModesTestExecutionListener@1553743, org.springframework.test.context.support.DependencyInjectionTestExecutionListener@19f1bac, org.springframework.test.context.support.DirtiesContextTestExecutionListener@d1e832, org.springframework.test.context.transaction.TransactionalTestExecutionListener@e34094, org.springframework.test.context.jdbc.SqlScriptsTestExecutionListener@1a4d2c0]
16:17:15,343  INFO XmlBeanDefinitionReader:317 - Loading XML bean definitions from class path resource [applicationContext.xml]
16:17:15,512  INFO GenericApplicationContext:578 - Refreshing org.springframework.context.support.GenericApplicationContext@18e400b: startup date [Wed Mar 21 16:17:15 GMT+08:00 2018]; root of context hierarchy
16:17:15,567  INFO AutowiredAnnotationBeanPostProcessor:153 - JSR-330 'javax.inject.Inject' annotation found and supported for autowiring
16:17:17,553  INFO GenericApplicationContext:960 - Closing org.springframework.context.support.GenericApplicationContext@18e400b: startup date [Wed Mar 21 16:17:15 GMT+08:00 2018]; root of context hierarchy
16:46:24,300  WARN PhaseInterceptorChain:452 - Interceptor for {http://localhost:8282/crm/webServicd/customerService/save}WebClient has thrown exception, unwinding now
org.apache.cxf.interceptor.Fault: Could not send Message.
	at org.apache.cxf.interceptor.MessageSenderInterceptor$MessageSenderEndingInterceptor.handleMessage(MessageSenderInterceptor.java:64)
	at org.apache.cxf.phase.PhaseInterceptorChain.doIntercept(PhaseInterceptorChain.java:307)
	at org.apache.cxf.jaxrs.client.AbstractClient.doRunInterceptorChain(AbstractClient.java:619)
	at org.apache.cxf.jaxrs.client.WebClient.doChainedInvocation(WebClient.java:1088)
	at org.apache.cxf.jaxrs.client.WebClient.doInvoke(WebClient.java:883)
	at org.apache.cxf.jaxrs.client.WebClient.doInvoke(WebClient.java:854)
	at org.apache.cxf.jaxrs.client.WebClient.invoke(WebClient.java:320)
	at org.apache.cxf.jaxrs.client.WebClient.post(WebClient.java:329)
	at portal.AaveTest.test(AaveTest.java:23)
	at sun.reflect.NativeMethodAccessorImpl.invoke0(Native Method)
	at sun.reflect.NativeMethodAccessorImpl.invoke(NativeMethodAccessorImpl.java:57)
	at sun.reflect.DelegatingMethodAccessorImpl.invoke(DelegatingMethodAccessorImpl.java:43)
	at java.lang.reflect.Method.invoke(Method.java:606)
	at org.junit.runners.model.FrameworkMethod$1.runReflectiveCall(FrameworkMethod.java:47)
	at org.junit.internal.runners.model.ReflectiveCallable.run(ReflectiveCallable.java:12)
	at org.junit.runners.model.FrameworkMethod.invokeExplosively(FrameworkMethod.java:44)
	at org.junit.internal.runners.statements.InvokeMethod.evaluate(InvokeMethod.java:17)
	at org.junit.runners.ParentRunner.runLeaf(ParentRunner.java:271)
	at org.junit.runners.BlockJUnit4ClassRunner.runChild(BlockJUnit4ClassRunner.java:70)
	at org.junit.runners.BlockJUnit4ClassRunner.runChild(BlockJUnit4ClassRunner.java:50)
	at org.junit.runners.ParentRunner$3.run(ParentRunner.java:238)
	at org.junit.runners.ParentRunner$1.schedule(ParentRunner.java:63)
	at org.junit.runners.ParentRunner.runChildren(ParentRunner.java:236)
	at org.junit.runners.ParentRunner.access$000(ParentRunner.java:53)
	at org.junit.runners.ParentRunner$2.evaluate(ParentRunner.java:229)
	at org.junit.runners.ParentRunner.run(ParentRunner.java:309)
	at org.eclipse.jdt.internal.junit4.runner.JUnit4TestReference.run(JUnit4TestReference.java:86)
	at org.eclipse.jdt.internal.junit.runner.TestExecution.run(TestExecution.java:38)
	at org.eclipse.jdt.internal.junit.runner.RemoteTestRunner.runTests(RemoteTestRunner.java:459)
	at org.eclipse.jdt.internal.junit.runner.RemoteTestRunner.runTests(RemoteTestRunner.java:675)
	at org.eclipse.jdt.internal.junit.runner.RemoteTestRunner.run(RemoteTestRunner.java:382)
	at org.eclipse.jdt.internal.junit.runner.RemoteTestRunner.main(RemoteTestRunner.java:192)
Caused by: java.net.SocketTimeoutException: SocketTimeoutException invoking http://localhost:8282/crm/webServicd/customerService/save: Read timed out
	at sun.reflect.NativeConstructorAccessorImpl.newInstance0(Native Method)
	at sun.reflect.NativeConstructorAccessorImpl.newInstance(NativeConstructorAccessorImpl.java:57)
	at sun.reflect.DelegatingConstructorAccessorImpl.newInstance(DelegatingConstructorAccessorImpl.java:45)
	at java.lang.reflect.Constructor.newInstance(Constructor.java:526)
	at org.apache.cxf.transport.http.HTTPConduit$WrappedOutputStream.mapException(HTTPConduit.java:1359)
	at org.apache.cxf.transport.http.HTTPConduit$WrappedOutputStream.close(HTTPConduit.java:1343)
	at org.apache.cxf.transport.AbstractConduit.close(AbstractConduit.java:56)
	at org.apache.cxf.transport.http.HTTPConduit.close(HTTPConduit.java:638)
	at org.apache.cxf.interceptor.MessageSenderInterceptor$MessageSenderEndingInterceptor.handleMessage(MessageSenderInterceptor.java:62)
	... 31 more
Caused by: java.net.SocketTimeoutException: Read timed out
	at java.net.SocketInputStream.socketRead0(Native Method)
	at java.net.SocketInputStream.read(SocketInputStream.java:152)
	at java.net.SocketInputStream.read(SocketInputStream.java:122)
	at java.io.BufferedInputStream.fill(BufferedInputStream.java:235)
	at java.io.BufferedInputStream.read1(BufferedInputStream.java:275)
	at java.io.BufferedInputStream.read(BufferedInputStream.java:334)
	at sun.net.www.http.HttpClient.parseHTTPHeader(HttpClient.java:690)
	at sun.net.www.http.HttpClient.parseHTTP(HttpClient.java:633)
	at sun.net.www.protocol.http.HttpURLConnection.getInputStream(HttpURLConnection.java:1324)
	at java.net.HttpURLConnection.getResponseCode(HttpURLConnection.java:468)
	at org.apache.cxf.transport.http.URLConnectionHTTPConduit$URLConnectionWrappedOutputStream.getResponseCode(URLConnectionHTTPConduit.java:266)
	at org.apache.cxf.transport.http.HTTPConduit$WrappedOutputStream.handleResponseInternal(HTTPConduit.java:1555)
	at org.apache.cxf.transport.http.HTTPConduit$WrappedOutputStream.handleResponse(HTTPConduit.java:1525)
	at org.apache.cxf.transport.http.HTTPConduit$WrappedOutputStream.close(HTTPConduit.java:1330)
	... 34 more
